[Thu Jun 14 16:49:28 2018] ::1:54114 [200]: /
[Thu Jun 14 16:49:29 2018] ::1:54115 [200]: /vendor/bootstrap/css/bootstrap.min.css
[Thu Jun 14 16:49:29 2018] ::1:54116 [200]: /vendor/font-awesome/css/font-awesome.min.css
[Thu Jun 14 16:49:29 2018] ::1:54117 [200]: /css/grayscale.min.css
[Thu Jun 14 16:49:29 2018] ::1:54118 [200]: /vendor/jquery/jquery.min.js
[Thu Jun 14 16:49:29 2018] ::1:54119 [200]: /vendor/bootstrap/js/bootstrap.bundle.min.js
[Thu Jun 14 16:49:29 2018] ::1:54120 [200]: /vendor/jquery-easing/jquery.easing.min.js
[Thu Jun 14 16:49:29 2018] ::1:54124 [200]: /img/eosemergelogo-m.png
[Thu Jun 14 16:49:29 2018] ::1:54121 [200]: /js/grayscale.min.js
[Thu Jun 14 16:49:29 2018] ::1:54122 [200]: /js/func.js
[Thu Jun 14 16:49:29 2018] ::1:54125 [200]: /img/intro-bg.jpg
"/Volumes/Macintosh HDDS/MAGAZYN/PROGS/EOSWORK/eos-mac-wallet/bin/keosd" launched
[Thu Jun 14 16:49:30 2018] ::1:54126 [200]: /walletsbox.php
[Thu Jun 14 16:49:30 2018] ::1:54127 [200]: /vendor/font-awesome/fonts/fontawesome-webfont.woff2?v=4.7.0
[Thu Jun 14 16:49:54 2018] ::1:54145 [200]: /walletsbox.php
[Thu Jun 14 16:50:25 2018] ::1:54163 [200]: /
[Thu Jun 14 16:50:25 2018] ::1:54164 [200]: /vendor/bootstrap/css/bootstrap.min.css
[Thu Jun 14 16:50:25 2018] ::1:54165 [200]: /vendor/font-awesome/css/font-awesome.min.css
[Thu Jun 14 16:50:25 2018] ::1:54166 [200]: /css/grayscale.min.css
[Thu Jun 14 16:50:25 2018] ::1:54167 [200]: /vendor/jquery/jquery.min.js
[Thu Jun 14 16:50:25 2018] ::1:54168 [200]: /vendor/bootstrap/js/bootstrap.bundle.min.js
[Thu Jun 14 16:50:25 2018] ::1:54169 [200]: /vendor/jquery-easing/jquery.easing.min.js
[Thu Jun 14 16:50:25 2018] ::1:54170 [200]: /js/grayscale.min.js
[Thu Jun 14 16:50:25 2018] ::1:54173 [200]: /img/eosemergelogo-m.png
[Thu Jun 14 16:50:25 2018] ::1:54171 [200]: /js/func.js
[Thu Jun 14 16:50:25 2018] ::1:54172 [200]: /vendor/font-awesome/fonts/fontawesome-webfont.woff2?v=4.7.0
[Thu Jun 14 16:50:25 2018] ::1:54174 [200]: /img/intro-bg.jpg
[Thu Jun 14 16:50:26 2018] ::1:54175 [200]: /walletsbox.php
[Thu Jun 14 16:50:34 2018] ::1:54184 [200]: /
[Thu Jun 14 16:50:34 2018] ::1:54185 [200]: /vendor/bootstrap/css/bootstrap.min.css
[Thu Jun 14 16:50:34 2018] ::1:54187 [200]: /vendor/font-awesome/css/font-awesome.min.css
[Thu Jun 14 16:50:34 2018] ::1:54188 [200]: /css/grayscale.min.css
[Thu Jun 14 16:50:34 2018] ::1:54189 [200]: /vendor/jquery/jquery.min.js
[Thu Jun 14 16:50:34 2018] ::1:54190 [200]: /vendor/bootstrap/js/bootstrap.bundle.min.js
[Thu Jun 14 16:50:34 2018] ::1:54191 [200]: /vendor/jquery-easing/jquery.easing.min.js
[Thu Jun 14 16:50:34 2018] ::1:54192 [200]: /js/grayscale.min.js
[Thu Jun 14 16:50:34 2018] ::1:54193 [200]: /js/func.js
[Thu Jun 14 16:50:34 2018] ::1:54194 [200]: /vendor/font-awesome/fonts/fontawesome-webfont.woff2?v=4.7.0
[Thu Jun 14 16:50:34 2018] ::1:54195 [200]: /img/eosemergelogo-m.png
[Thu Jun 14 16:50:34 2018] ::1:54196 [200]: /img/intro-bg.jpg
[Thu Jun 14 16:50:34 2018] ::1:54197 [200]: /vendor/bootstrap/css/bootstrap.min.css
[Thu Jun 14 16:50:34 2018] ::1:54198 [200]: /vendor/font-awesome/css/font-awesome.min.css
[Thu Jun 14 16:50:34 2018] ::1:54199 [200]: /css/grayscale.min.css
[Thu Jun 14 16:50:34 2018] ::1:54200 [200]: /vendor/jquery/jquery.min.js
[Thu Jun 14 16:50:34 2018] ::1:54201 [200]: /vendor/bootstrap/js/bootstrap.bundle.min.js
[Thu Jun 14 16:50:34 2018] ::1:54202 [200]: /vendor/jquery-easing/jquery.easing.min.js
[Thu Jun 14 16:50:34 2018] ::1:54203 [200]: /js/grayscale.min.js
[Thu Jun 14 16:50:34 2018] ::1:54204 [200]: /js/func.js
[Thu Jun 14 16:50:34 2018] ::1:54205 [200]: /img/eosemergelogo-m.png
[Thu Jun 14 16:50:34 2018] ::1:54206 [200]: /img/intro-bg.jpg
[Thu Jun 14 16:50:35 2018] ::1:54207 [200]: /walletsbox.php
[Thu Jun 14 16:50:35 2018] ::1:54208 [200]: /vendor/font-awesome/fonts/fontawesome-webfont.woff2?v=4.7.0
[Thu Jun 14 16:51:54 2018] ::1:54262 [200]: /walletsbox.php
[Thu Jun 14 16:52:59 2018] ::1:54287 [200]: /walletsbox.php
[Thu Jun 14 16:54:59 2018] ::1:54328 [200]: /walletsbox.php
[Thu Jun 14 16:56:27 2018] ::1:54364 [200]: /
[Thu Jun 14 16:56:27 2018] ::1:54366 [404]: /apple-touch-icon-precomposed.png - No such file or directory
[Thu Jun 14 16:56:27 2018] ::1:54367 [404]: /apple-touch-icon.png - No such file or directory
[Thu Jun 14 16:56:27 2018] ::1:54368 [404]: /favicon.ico - No such file or directory
[Thu Jun 14 16:56:27 2018] ::1:54369 [404]: /apple-touch-icon-precomposed.png - No such file or directory
[Thu Jun 14 16:56:27 2018] ::1:54370 [404]: /apple-touch-icon.png - No such file or directory
[Thu Jun 14 16:56:27 2018] ::1:54371 [404]: /favicon.ico - No such file or directory
[Thu Jun 14 16:56:27 2018] ::1:54372 [200]: /
[Thu Jun 14 16:56:27 2018] ::1:54374 [404]: /apple-touch-icon-precomposed.png - No such file or directory
[Thu Jun 14 16:56:27 2018] ::1:54375 [404]: /apple-touch-icon.png - No such file or directory
[Thu Jun 14 16:56:27 2018] ::1:54376 [404]: /favicon.ico - No such file or directory
[Thu Jun 14 16:56:27 2018] ::1:54377 [404]: /apple-touch-icon-precomposed.png - No such file or directory
[Thu Jun 14 16:56:27 2018] ::1:54378 [404]: /apple-touch-icon.png - No such file or directory
[Thu Jun 14 16:56:27 2018] ::1:54379 [404]: /favicon.ico - No such file or directory
[Thu Jun 14 16:56:47 2018] ::1:54405 [200]: /walletsbox.php
[Thu Jun 14 16:56:58 2018] ::1:54414 [200]: /walletsbox.php
[Thu Jun 14 16:58:59 2018] ::1:54466 [200]: /walletsbox.php
[Thu Jun 14 17:00:59 2018] ::1:54524 [200]: /walletsbox.php
[Thu Jun 14 17:02:59 2018] ::1:54662 [200]: /walletsbox.php
